<Event xmlns="http://schemas.microsoft.com/win/2004/08/events/event"><System><Provider Name="Microsoft-Windows-PowerShell" Guid="{a0c1853b-5c40-4b15-8766-3cf1c58f985a}"></Provider>
<EventID Qualifiers="">4104</EventID>
<Version>1</Version>
<Level>5</Level>
<Task>2</Task>
<Opcode>15</Opcode>
<Keywords>0x0000000000000000</Keywords>
<TimeCreated SystemTime="2026-04-02 15:35:25.400253+00:00"></TimeCreated>
<EventRecordID>70505</EventRecordID>
<Correlation ActivityID="{357bbfc6-c2b5-0001-0121-7d35b5c2dc01}" RelatedActivityID=""></Correlation>
<Execution ProcessID="3932" ThreadID="7860"></Execution>
<Channel>Microsoft-Windows-PowerShell/Operational</Channel>
<Computer>DESKTOP-H3KMT1M</Computer>
<Security UserID="S-1-5-21-4005867129-758303680-3052277857-1001"></Security>
</System>
<EventData><Data Name="MessageNumber">1</Data>
<Data Name="MessageTotal">1</Data>
<Data Name="ScriptBlockText">prompt</Data>
<Data Name="ScriptBlockId">79b7bc52-34bb-41c5-b46c-f52a13df1666</Data>
<Data Name="Path"></Data>
</EventData>
</Event>

<Event xmlns="http://schemas.microsoft.com/win/2004/08/events/event"><System><Provider Name="Microsoft-Windows-PowerShell" Guid="{a0c1853b-5c40-4b15-8766-3cf1c58f985a}"></Provider>
<EventID Qualifiers="">4104</EventID>
<Version>1</Version>
<Level>5</Level>
<Task>2</Task>
<Opcode>15</Opcode>
<Keywords>0x0000000000000000</Keywords>
<TimeCreated SystemTime="2026-04-02 15:35:25.439528+00:00"></TimeCreated>
<EventRecordID>70512</EventRecordID>
<Correlation ActivityID="{357bbfc6-c2b5-0001-0921-7d35b5c2dc01}" RelatedActivityID=""></Correlation>
<Execution ProcessID="3932" ThreadID="7860"></Execution>
<Channel>Microsoft-Windows-PowerShell/Operational</Channel>
<Computer>DESKTOP-H3KMT1M</Computer>
<Security UserID="S-1-5-21-4005867129-758303680-3052277857-1001"></Security>
</System>
<EventData><Data Name="MessageNumber">1</Data>
<Data Name="MessageTotal">1</Data>
<Data Name="ScriptBlockText">$Host</Data>
<Data Name="ScriptBlockId">ec47b9d7-89bc-4c6c-b627-03c65c18f3d2</Data>
<Data Name="Path"></Data>
</EventData>
</Event>

<Event xmlns="http://schemas.microsoft.com/win/2004/08/events/event"><System><Provider Name="Microsoft-Windows-PowerShell" Guid="{a0c1853b-5c40-4b15-8766-3cf1c58f985a}"></Provider>
<EventID Qualifiers="">4104</EventID>
<Version>1</Version>
<Level>3</Level>
<Task>2</Task>
<Opcode>15</Opcode>
<Keywords>0x0000000000000000</Keywords>
<TimeCreated SystemTime="2026-04-02 15:35:44.860378+00:00"></TimeCreated>
<EventRecordID>70519</EventRecordID>
<Correlation ActivityID="{357bbfc6-c2b5-0001-0923-7d35b5c2dc01}" RelatedActivityID=""></Correlation>
<Execution ProcessID="3932" ThreadID="7860"></Execution>
<Channel>Microsoft-Windows-PowerShell/Operational</Channel>
<Computer>DESKTOP-H3KMT1M</Computer>
<Security UserID="S-1-5-21-4005867129-758303680-3052277857-1001"></Security>
</System>
<EventData><Data Name="MessageNumber">1</Data>
<Data Name="MessageTotal">1</Data>
<Data Name="ScriptBlockText">powershell.exe -ExecutionPolicy Bypass -File "Prepare_Curse.ps1"</Data>
<Data Name="ScriptBlockId">8d214cb6-fc68-443d-944d-fd38d2b3f29f</Data>
<Data Name="Path"></Data>
</EventData>
</Event>

<Event xmlns="http://schemas.microsoft.com/win/2004/08/events/event"><System><Provider Name="Microsoft-Windows-PowerShell" Guid="{a0c1853b-5c40-4b15-8766-3cf1c58f985a}"></Provider>
<EventID Qualifiers="">4104</EventID>
<Version>1</Version>
<Level>5</Level>
<Task>2</Task>
<Opcode>15</Opcode>
<Keywords>0x0000000000000000</Keywords>
<TimeCreated SystemTime="2026-04-02 15:35:45.011267+00:00"></TimeCreated>
<EventRecordID>70524</EventRecordID>
<Correlation ActivityID="{357bbfc6-c2b5-0000-c70b-7d35b5c2dc01}" RelatedActivityID=""></Correlation>
<Execution ProcessID="5820" ThreadID="6860"></Execution>
<Channel>Microsoft-Windows-PowerShell/Operational</Channel>
<Computer>DESKTOP-H3KMT1M</Computer>
<Security UserID="S-1-5-21-4005867129-758303680-3052277857-1001"></Security>
</System>
<EventData><Data Name="MessageNumber">1</Data>
<Data Name="MessageTotal">1</Data>
<Data Name="ScriptBlockText">function Prepare_Enchantment_1 {
    $i = [Text.Encoding]::UTF8.GetString([Convert]::FromBase64String("Q3Vyc2VfUGFydDEucHNtMQ=="))
    Import-Module -Name .\$i
    return Enchantment_1
}

function Prepare_Enchantment_2 {
    $i = [Text.Encoding]::UTF8.GetString([Convert]::FromBase64String("Q3Vyc2VfUGFydDIucHNtMQ=="))
    Import-Module -Name .\$i
    return Enchantment_2
}

$n = 5
for ($i = 1; $i -le $n; $i++) {
    $a = Prepare_Enchantment_1
    $b = Prepare_Enchantment_2
    Start-Sleep -Milliseconds 5000
}</Data>
<Data Name="ScriptBlockId">0e9711c0-9aba-4012-93da-145e9ea5487a</Data>
<Data Name="Path">C:\Users\user\Documents\Secret Recipe\Prepare_Curse.ps1</Data>
</EventData>
</Event>

<Event xmlns="http://schemas.microsoft.com/win/2004/08/events/event"><System><Provider Name="Microsoft-Windows-PowerShell" Guid="{a0c1853b-5c40-4b15-8766-3cf1c58f985a}"></Provider>
<EventID Qualifiers="">4104</EventID>
<Version>1</Version>
<Level>5</Level>
<Task>2</Task>
<Opcode>15</Opcode>
<Keywords>0x0000000000000000</Keywords>
<TimeCreated SystemTime="2026-04-02 15:35:45.017178+00:00"></TimeCreated>
<EventRecordID>70526</EventRecordID>
<Correlation ActivityID="{357bbfc6-c2b5-0000-c80b-7d35b5c2dc01}" RelatedActivityID=""></Correlation>
<Execution ProcessID="5820" ThreadID="6860"></Execution>
<Channel>Microsoft-Windows-PowerShell/Operational</Channel>
<Computer>DESKTOP-H3KMT1M</Computer>
<Security UserID="S-1-5-21-4005867129-758303680-3052277857-1001"></Security>
</System>
<EventData><Data Name="MessageNumber">1</Data>
<Data Name="MessageTotal">1</Data>
<Data Name="ScriptBlockText">function Prepare_Enchantment_1 {
    $i = [Text.Encoding]::UTF8.GetString([Convert]::FromBase64String("Q3Vyc2VfUGFydDEucHNtMQ=="))
    Import-Module -Name .\$i
    return Enchantment_1
}</Data>
<Data Name="ScriptBlockId">d5d9e413-0fa4-4c8a-aa7c-985b5d6203d8</Data>
<Data Name="Path">C:\Users\user\Documents\Secret Recipe\Prepare_Curse.ps1</Data>
</EventData>
</Event>

<Event xmlns="http://schemas.microsoft.com/win/2004/08/events/event"><System><Provider Name="Microsoft-Windows-PowerShell" Guid="{a0c1853b-5c40-4b15-8766-3cf1c58f985a}"></Provider>
<EventID Qualifiers="">4104</EventID>
<Version>1</Version>
<Level>5</Level>
<Task>2</Task>
<Opcode>15</Opcode>
<Keywords>0x0000000000000000</Keywords>
<TimeCreated SystemTime="2026-04-02 15:35:45.031078+00:00"></TimeCreated>
<EventRecordID>70528</EventRecordID>
<Correlation ActivityID="{357bbfc6-c2b5-0000-c90b-7d35b5c2dc01}" RelatedActivityID=""></Correlation>
<Execution ProcessID="5820" ThreadID="6860"></Execution>
<Channel>Microsoft-Windows-PowerShell/Operational</Channel>
<Computer>DESKTOP-H3KMT1M</Computer>
<Security UserID="S-1-5-21-4005867129-758303680-3052277857-1001"></Security>
</System>
<EventData><Data Name="MessageNumber">1</Data>
<Data Name="MessageTotal">1</Data>
<Data Name="ScriptBlockText">function Enchantment_1 {
    $a = "VGhpcyB3YXMgdGhlIHdpemFyZCdzIGZpcnN0IGF0dGVtcHQgaW4gbGVhcm5pbmcgdGhlIG1hZ2ljYWwgY3Vyc2UuIFNlZW1zIGxpa2UgaXQgd29ya2VkLg=="
    [Text.Encoding]::UTF8.GetString([Convert]::FromBase64String($a))
    Start-Sleep -Milliseconds 10000
}

Export-ModuleMember -Function Enchantment_1</Data>
<Data Name="ScriptBlockId">b111f4c1-0ea4-4a38-a683-e34f8a36747f</Data>
<Data Name="Path">C:\Users\user\Documents\Secret Recipe\Curse_Part1.psm1</Data>
</EventData>
</Event>

<Event xmlns="http://schemas.microsoft.com/win/2004/08/events/event"><System><Provider Name="Microsoft-Windows-PowerShell" Guid="{a0c1853b-5c40-4b15-8766-3cf1c58f985a}"></Provider>
<EventID Qualifiers="">4104</EventID>
<Version>1</Version>
<Level>5</Level>
<Task>2</Task>
<Opcode>15</Opcode>
<Keywords>0x0000000000000000</Keywords>
<TimeCreated SystemTime="2026-04-02 15:35:45.034077+00:00"></TimeCreated>
<EventRecordID>70533</EventRecordID>
<Correlation ActivityID="{357bbfc6-c2b5-0000-cb0b-7d35b5c2dc01}" RelatedActivityID=""></Correlation>
<Execution ProcessID="5820" ThreadID="6860"></Execution>
<Channel>Microsoft-Windows-PowerShell/Operational</Channel>
<Computer>DESKTOP-H3KMT1M</Computer>
<Security UserID="S-1-5-21-4005867129-758303680-3052277857-1001"></Security>
</System>
<EventData><Data Name="MessageNumber">1</Data>
<Data Name="MessageTotal">1</Data>
<Data Name="ScriptBlockText">function Enchantment_1 {
    $a = "VGhpcyB3YXMgdGhlIHdpemFyZCdzIGZpcnN0IGF0dGVtcHQgaW4gbGVhcm5pbmcgdGhlIG1hZ2ljYWwgY3Vyc2UuIFNlZW1zIGxpa2UgaXQgd29ya2VkLg=="
    [Text.Encoding]::UTF8.GetString([Convert]::FromBase64String($a))
    Start-Sleep -Milliseconds 10000
}</Data>
<Data Name="ScriptBlockId">ea6de1b5-f86b-4fd3-a7ad-56b494ebaa83</Data>
<Data Name="Path">C:\Users\user\Documents\Secret Recipe\Curse_Part1.psm1</Data>
</EventData>
</Event>

<Event xmlns="http://schemas.microsoft.com/win/2004/08/events/event"><System><Provider Name="Microsoft-Windows-PowerShell" Guid="{a0c1853b-5c40-4b15-8766-3cf1c58f985a}"></Provider>
<EventID Qualifiers="">4104</EventID>
<Version>1</Version>
<Level>5</Level>
<Task>2</Task>
<Opcode>15</Opcode>
<Keywords>0x0000000000000000</Keywords>
<TimeCreated SystemTime="2026-04-02 15:35:55.165035+00:00"></TimeCreated>
<EventRecordID>70543</EventRecordID>
<Correlation ActivityID="{357bbfc6-c2b5-0000-7d1c-7d35b5c2dc01}" RelatedActivityID=""></Correlation>
<Execution ProcessID="5820" ThreadID="6860"></Execution>
<Channel>Microsoft-Windows-PowerShell/Operational</Channel>
<Computer>DESKTOP-H3KMT1M</Computer>
<Security UserID="S-1-5-21-4005867129-758303680-3052277857-1001"></Security>
</System>
<EventData><Data Name="MessageNumber">1</Data>
<Data Name="MessageTotal">1</Data>
<Data Name="ScriptBlockText">function Prepare_Enchantment_2 {
    $i = [Text.Encoding]::UTF8.GetString([Convert]::FromBase64String("Q3Vyc2VfUGFydDIucHNtMQ=="))
    Import-Module -Name .\$i
    return Enchantment_2
}</Data>
<Data Name="ScriptBlockId">5a88e187-8f63-42ef-a400-9bf147816a81</Data>
<Data Name="Path">C:\Users\user\Documents\Secret Recipe\Prepare_Curse.ps1</Data>
</EventData>
</Event>

<Event xmlns="http://schemas.microsoft.com/win/2004/08/events/event"><System><Provider Name="Microsoft-Windows-PowerShell" Guid="{a0c1853b-5c40-4b15-8766-3cf1c58f985a}"></Provider>
<EventID Qualifiers="">4104</EventID>
<Version>1</Version>
<Level>5</Level>
<Task>2</Task>
<Opcode>15</Opcode>
<Keywords>0x0000000000000000</Keywords>
<TimeCreated SystemTime="2026-04-02 15:35:55.188589+00:00"></TimeCreated>
<EventRecordID>70545</EventRecordID>
<Correlation ActivityID="{357bbfc6-c2b5-0000-7e1c-7d35b5c2dc01}" RelatedActivityID=""></Correlation>
<Execution ProcessID="5820" ThreadID="6860"></Execution>
<Channel>Microsoft-Windows-PowerShell/Operational</Channel>
<Computer>DESKTOP-H3KMT1M</Computer>
<Security UserID="S-1-5-21-4005867129-758303680-3052277857-1001"></Security>
</System>
<EventData><Data Name="MessageNumber">1</Data>
<Data Name="MessageTotal">1</Data>
<Data Name="ScriptBlockText">function Enchantment_2 {
    $a = "TABvAG8AawBzACAAbABpAGsAZQAgAHkAbwB1ACAAZgBvAHUAbgBkACAAZgBsAGEAZwB7AEkAdABzAF8AbgAwAHQAXwBoAGUAcgBlACEAfQAuACAAVABoAGUAIABzAGUAYwByAGUAdAAgAG8AZgAgAHQAaABlACAAYwB1AHIAcwBlACAAdABoAGEAdAAgAHcAYQBzACAAYQBwAHAAbABpAGUAZAAgAG8AbgAgAHQAaABlACAAcwBlAGMAcgBlAHQAIABwAG8AdABpAG8AbgAgAGwAaQBlAHMAIABpAG4AIABhAG4AbwB0AGgAZQByACAAYwB1AHIAcwBlACAAbQBhAGcAaQBjAC4AIABUAHIAeQAgAGgAYQByAGQAZQByACAAYQBuAGQAIABmAGkAbgBkACAAdABoAGUAIABjAG8AcgByAGUAYwB0ACAAYwB1AHIAcwBlACAAdABvACAAZwBlAHQAIABiAGEAYwBrACAAdABoAGUAIAByAGUAYwBpAHAAZQAhAA=="
    [Text.Encoding]::UTF8.GetString([Convert]::FromBase64String($a))
    Start-Sleep -Milliseconds 10000
}

Export-ModuleMember -Function Enchantment_2</Data>
<Data Name="ScriptBlockId">f5eefb29-931a-4ec3-afcf-dfe007b37e6f</Data>
<Data Name="Path">C:\Users\user\Documents\Secret Recipe\Curse_Part2.psm1</Data>
</EventData>
</Event>

<Event xmlns="http://schemas.microsoft.com/win/2004/08/events/event"><System><Provider Name="Microsoft-Windows-PowerShell" Guid="{a0c1853b-5c40-4b15-8766-3cf1c58f985a}"></Provider>
<EventID Qualifiers="">4104</EventID>
<Version>1</Version>
<Level>5</Level>
<Task>2</Task>
<Opcode>15</Opcode>
<Keywords>0x0000000000000000</Keywords>
<TimeCreated SystemTime="2026-04-02 15:35:55.189455+00:00"></TimeCreated>
<EventRecordID>70550</EventRecordID>
<Correlation ActivityID="{357bbfc6-c2b5-0001-2537-7d35b5c2dc01}" RelatedActivityID=""></Correlation>
<Execution ProcessID="5820" ThreadID="6860"></Execution>
<Channel>Microsoft-Windows-PowerShell/Operational</Channel>
<Computer>DESKTOP-H3KMT1M</Computer>
<Security UserID="S-1-5-21-4005867129-758303680-3052277857-1001"></Security>
</System>
<EventData><Data Name="MessageNumber">1</Data>
<Data Name="MessageTotal">1</Data>
<Data Name="ScriptBlockText">function Enchantment_2 {
    $a = "TABvAG8AawBzACAAbABpAGsAZQAgAHkAbwB1ACAAZgBvAHUAbgBkACAAZgBsAGEAZwB7AEkAdABzAF8AbgAwAHQAXwBoAGUAcgBlACEAfQAuACAAVABoAGUAIABzAGUAYwByAGUAdAAgAG8AZgAgAHQAaABlACAAYwB1AHIAcwBlACAAdABoAGEAdAAgAHcAYQBzACAAYQBwAHAAbABpAGUAZAAgAG8AbgAgAHQAaABlACAAcwBlAGMAcgBlAHQAIABwAG8AdABpAG8AbgAgAGwAaQBlAHMAIABpAG4AIABhAG4AbwB0AGgAZQByACAAYwB1AHIAcwBlACAAbQBhAGcAaQBjAC4AIABUAHIAeQAgAGgAYQByAGQAZQByACAAYQBuAGQAIABmAGkAbgBkACAAdABoAGUAIABjAG8AcgByAGUAYwB0ACAAYwB1AHIAcwBlACAAdABvACAAZwBlAHQAIABiAGEAYwBrACAAdABoAGUAIAByAGUAYwBpAHAAZQAhAA=="
    [Text.Encoding]::UTF8.GetString([Convert]::FromBase64String($a))
    Start-Sleep -Milliseconds 10000
}</Data>
<Data Name="ScriptBlockId">3428afe4-6b53-4265-844a-08607fd668a6</Data>
<Data Name="Path">C:\Users\user\Documents\Secret Recipe\Curse_Part2.psm1</Data>
</EventData>
</Event>

<Event xmlns="http://schemas.microsoft.com/win/2004/08/events/event"><System><Provider Name="Microsoft-Windows-PowerShell" Guid="{a0c1853b-5c40-4b15-8766-3cf1c58f985a}"></Provider>
<EventID Qualifiers="">4104</EventID>
<Version>1</Version>
<Level>5</Level>
<Task>2</Task>
<Opcode>15</Opcode>
<Keywords>0x0000000000000000</Keywords>
<TimeCreated SystemTime="2026-04-02 15:37:50.334103+00:00"></TimeCreated>
<EventRecordID>70619</EventRecordID>
<Correlation ActivityID="{357bbfc6-c2b5-0001-635e-7d35b5c2dc01}" RelatedActivityID=""></Correlation>
<Execution ProcessID="5820" ThreadID="6860"></Execution>
<Channel>Microsoft-Windows-PowerShell/Operational</Channel>
<Computer>DESKTOP-H3KMT1M</Computer>
<Security UserID="S-1-5-21-4005867129-758303680-3052277857-1001"></Security>
</System>
<EventData><Data Name="MessageNumber">1</Data>
<Data Name="MessageTotal">1</Data>
<Data Name="ScriptBlockText">$global:?</Data>
<Data Name="ScriptBlockId">26b01305-bfec-4129-b271-0ef0dd264b53</Data>
<Data Name="Path"></Data>
</EventData>
</Event>

<Event xmlns="http://schemas.microsoft.com/win/2004/08/events/event"><System><Provider Name="Microsoft-Windows-PowerShell" Guid="{a0c1853b-5c40-4b15-8766-3cf1c58f985a}"></Provider>
<EventID Qualifiers="">4104</EventID>
<Version>1</Version>
<Level>5</Level>
<Task>2</Task>
<Opcode>15</Opcode>
<Keywords>0x0000000000000000</Keywords>
<TimeCreated SystemTime="2026-04-02 15:37:50.471714+00:00"></TimeCreated>
<EventRecordID>70626</EventRecordID>
<Correlation ActivityID="{357bbfc6-c2b5-0000-e73e-7d35b5c2dc01}" RelatedActivityID=""></Correlation>
<Execution ProcessID="3932" ThreadID="7860"></Execution>
<Channel>Microsoft-Windows-PowerShell/Operational</Channel>
<Computer>DESKTOP-H3KMT1M</Computer>
<Security UserID="S-1-5-21-4005867129-758303680-3052277857-1001"></Security>
</System>
<EventData><Data Name="MessageNumber">1</Data>
<Data Name="MessageTotal">1</Data>
<Data Name="ScriptBlockText">prompt</Data>
<Data Name="ScriptBlockId">c880b90c-e912-40f3-96aa-29834d3de7d4</Data>
<Data Name="Path"></Data>
</EventData>
</Event>

<Event xmlns="http://schemas.microsoft.com/win/2004/08/events/event"><System><Provider Name="Microsoft-Windows-PowerShell" Guid="{a0c1853b-5c40-4b15-8766-3cf1c58f985a}"></Provider>
<EventID Qualifiers="">4104</EventID>
<Version>1</Version>
<Level>3</Level>
<Task>2</Task>
<Opcode>15</Opcode>
<Keywords>0x0000000000000000</Keywords>
<TimeCreated SystemTime="2026-04-02 15:38:10.322166+00:00"></TimeCreated>
<EventRecordID>70638</EventRecordID>
<Correlation ActivityID="{357bbfc6-c2b5-0000-1c5a-7d35b5c2dc01}" RelatedActivityID=""></Correlation>
<Execution ProcessID="3932" ThreadID="7860"></Execution>
<Channel>Microsoft-Windows-PowerShell/Operational</Channel>
<Computer>DESKTOP-H3KMT1M</Computer>
<Security UserID="S-1-5-21-4005867129-758303680-3052277857-1001"></Security>
</System>
<EventData><Data Name="MessageNumber">1</Data>
<Data Name="MessageTotal">1</Data>
<Data Name="ScriptBlockText">powershell.exe -ExecutionPolicy Bypass -File "Apply_Curse.ps1"</Data>
<Data Name="ScriptBlockId">f038efe0-5d9e-44bc-bb50-b3bc44f071b5</Data>
<Data Name="Path"></Data>
</EventData>
</Event>

<Event xmlns="http://schemas.microsoft.com/win/2004/08/events/event"><System><Provider Name="Microsoft-Windows-PowerShell" Guid="{a0c1853b-5c40-4b15-8766-3cf1c58f985a}"></Provider>
<EventID Qualifiers="">4104</EventID>
<Version>1</Version>
<Level>5</Level>
<Task>2</Task>
<Opcode>15</Opcode>
<Keywords>0x0000000000000000</Keywords>
<TimeCreated SystemTime="2026-04-02 15:38:10.471537+00:00"></TimeCreated>
<EventRecordID>70643</EventRecordID>
<Correlation ActivityID="{357bbfc6-c2b5-0001-9686-7d35b5c2dc01}" RelatedActivityID=""></Correlation>
<Execution ProcessID="8212" ThreadID="7476"></Execution>
<Channel>Microsoft-Windows-PowerShell/Operational</Channel>
<Computer>DESKTOP-H3KMT1M</Computer>
<Security UserID="S-1-5-21-4005867129-758303680-3052277857-1001"></Security>
</System>
<EventData><Data Name="MessageNumber">1</Data>
<Data Name="MessageTotal">1</Data>
<Data Name="ScriptBlockText">function Gather_Timeless_Enchantment {
    $start = Get-Date "2026-01-01"
    $end = Get-Date
    $randomDate = Get-Random -Minimum $start.Ticks -Maximum $end.Ticks
    [DateTime]::FromFileTimeUtc($randomDate)
}

function Gather_State_Enchantment {
    $procNames = Get-Process

    [PSCustomObject]@{
        ProcessName = $procNames | Get-Random
        PID = ($procNames | Get-Random).Id
        StartTime = ($procNames | Get-Random).StartTime
    }
}

function Formulate {
    $i = [Text.Encoding]::UTF8.GetString([Convert]::FromBase64String("Q3Vyc2VfTWFnaWMucHNtMQ=="))
    Import-Module -Name .\$i
    $a = "bWFnaWNfcG90"
    $b = "aW9uLnR4dA=="
    $c = "aW9uLmVuYw=="
    $d = "QTRlX1kwdV9zVXIzXzF0M19jMHJyM2N0"
    $e = [System.IO.File]::ReadAllBytes([Text.Encoding]::UTF8.GetString([Convert]::FromBase64String($a + $b)))
    $f  = [System.Text.Encoding]::UTF8.GetBytes([Text.Encoding]::UTF8.GetString([Convert]::FromBase64String($d)))
    $g = Seal -a $e -b $f
    [System.IO.File]::WriteAllBytes([Text.Encoding]::UTF8.GetString([Convert]::FromBase64String($a + $c)), $g)
}


function Gather_Keys_Enchantment {
    $keys = @(
       "HKLM:\SOFTWARE\Microsoft\Windows NT\CurrentVersion",
       "HKLM:\SOFTWARE\Microsoft\Windows NT\ProfileList",
       "HKLM:\SOFTWARE\Microsoft\Windows NT\Winlogon"
    )
    $randomKey = $keys | Get-Random

    [PSCustomObject]@{
        KeyPath = $randomKey
        Value = "Enchantment"
    }
}

function Wait_For_Enchantment {
    param($Number)
    $Block = {
        param($Num)
        $n = $Num
        $a = 1..$n | ForEach-Object { $_ * $_ }
        $a | Out-Null
    }
    &amp; $Block $Number
}

$n = 25
for ($i = 1; $i -le $n; $i++) {
    Gather_Timeless_Enchantment | Out-Null
    Gather_State_Enchantment | Out-Null
    Gather_Keys_Enchantment | Out-Null
    if ($i -eq 13) {
        Formulate
    }
    Wait_For_Enchantment -Number $i | Out-Null
    Start-Sleep -Milliseconds 5000
}
</Data>
<Data Name="ScriptBlockId">ec57b57b-1d68-44af-8b6d-45110e13c3b0</Data>
<Data Name="Path">C:\Users\user\Documents\Secret Recipe\Apply_Curse.ps1</Data>
</EventData>
</Event>

<Event xmlns="http://schemas.microsoft.com/win/2004/08/events/event"><System><Provider Name="Microsoft-Windows-PowerShell" Guid="{a0c1853b-5c40-4b15-8766-3cf1c58f985a}"></Provider>
<EventID Qualifiers="">4104</EventID>
<Version>1</Version>
<Level>5</Level>
<Task>2</Task>
<Opcode>15</Opcode>
<Keywords>0x0000000000000000</Keywords>
<TimeCreated SystemTime="2026-04-02 15:38:10.477711+00:00"></TimeCreated>
<EventRecordID>70645</EventRecordID>
<Correlation ActivityID="{357bbfc6-c2b5-0001-9886-7d35b5c2dc01}" RelatedActivityID=""></Correlation>
<Execution ProcessID="8212" ThreadID="7476"></Execution>
<Channel>Microsoft-Windows-PowerShell/Operational</Channel>
<Computer>DESKTOP-H3KMT1M</Computer>
<Security UserID="S-1-5-21-4005867129-758303680-3052277857-1001"></Security>
</System>
<EventData><Data Name="MessageNumber">1</Data>
<Data Name="MessageTotal">1</Data>
<Data Name="ScriptBlockText">function Gather_Timeless_Enchantment {
    $start = Get-Date "2026-01-01"
    $end = Get-Date
    $randomDate = Get-Random -Minimum $start.Ticks -Maximum $end.Ticks
    [DateTime]::FromFileTimeUtc($randomDate)
}</Data>
<Data Name="ScriptBlockId">cbdbc5c3-959d-489a-b708-670a80df4797</Data>
<Data Name="Path">C:\Users\user\Documents\Secret Recipe\Apply_Curse.ps1</Data>
</EventData>
</Event>

<Event xmlns="http://schemas.microsoft.com/win/2004/08/events/event"><System><Provider Name="Microsoft-Windows-PowerShell" Guid="{a0c1853b-5c40-4b15-8766-3cf1c58f985a}"></Provider>
<EventID Qualifiers="">4104</EventID>
<Version>1</Version>
<Level>5</Level>
<Task>2</Task>
<Opcode>15</Opcode>
<Keywords>0x0000000000000000</Keywords>
<TimeCreated SystemTime="2026-04-02 15:38:10.525221+00:00"></TimeCreated>
<EventRecordID>70656</EventRecordID>
<Correlation ActivityID="{357bbfc6-c2b5-0000-305a-7d35b5c2dc01}" RelatedActivityID=""></Correlation>
<Execution ProcessID="8212" ThreadID="7476"></Execution>
<Channel>Microsoft-Windows-PowerShell/Operational</Channel>
<Computer>DESKTOP-H3KMT1M</Computer>
<Security UserID="S-1-5-21-4005867129-758303680-3052277857-1001"></Security>
</System>
<EventData><Data Name="MessageNumber">1</Data>
<Data Name="MessageTotal">1</Data>
<Data Name="ScriptBlockText">function Gather_State_Enchantment {
    $procNames = Get-Process

    [PSCustomObject]@{
        ProcessName = $procNames | Get-Random
        PID = ($procNames | Get-Random).Id
        StartTime = ($procNames | Get-Random).StartTime
    }
}</Data>
<Data Name="ScriptBlockId">496812cc-6c5e-463b-9571-11f8d030c3b6</Data>
<Data Name="Path">C:\Users\user\Documents\Secret Recipe\Apply_Curse.ps1</Data>
</EventData>
</Event>

<Event xmlns="http://schemas.microsoft.com/win/2004/08/events/event"><System><Provider Name="Microsoft-Windows-PowerShell" Guid="{a0c1853b-5c40-4b15-8766-3cf1c58f985a}"></Provider>
<EventID Qualifiers="">4104</EventID>
<Version>1</Version>
<Level>5</Level>
<Task>2</Task>
<Opcode>15</Opcode>
<Keywords>0x0000000000000000</Keywords>
<TimeCreated SystemTime="2026-04-02 15:38:10.558470+00:00"></TimeCreated>
<EventRecordID>70666</EventRecordID>
<Correlation ActivityID="{357bbfc6-c2b5-0000-365a-7d35b5c2dc01}" RelatedActivityID=""></Correlation>
<Execution ProcessID="8212" ThreadID="7476"></Execution>
<Channel>Microsoft-Windows-PowerShell/Operational</Channel>
<Computer>DESKTOP-H3KMT1M</Computer>
<Security UserID="S-1-5-21-4005867129-758303680-3052277857-1001"></Security>
</System>
<EventData><Data Name="MessageNumber">1</Data>
<Data Name="MessageTotal">1</Data>
<Data Name="ScriptBlockText">function Gather_Keys_Enchantment {
    $keys = @(
       "HKLM:\SOFTWARE\Microsoft\Windows NT\CurrentVersion",
       "HKLM:\SOFTWARE\Microsoft\Windows NT\ProfileList",
       "HKLM:\SOFTWARE\Microsoft\Windows NT\Winlogon"
    )
    $randomKey = $keys | Get-Random

    [PSCustomObject]@{
        KeyPath = $randomKey
        Value = "Enchantment"
    }
}</Data>
<Data Name="ScriptBlockId">7ca184ac-a23e-4519-83dd-720f1cb38023</Data>
<Data Name="Path">C:\Users\user\Documents\Secret Recipe\Apply_Curse.ps1</Data>
</EventData>
</Event>

<Event xmlns="http://schemas.microsoft.com/win/2004/08/events/event"><System><Provider Name="Microsoft-Windows-PowerShell" Guid="{a0c1853b-5c40-4b15-8766-3cf1c58f985a}"></Provider>
<EventID Qualifiers="">4104</EventID>
<Version>1</Version>
<Level>5</Level>
<Task>2</Task>
<Opcode>15</Opcode>
<Keywords>0x0000000000000000</Keywords>
<TimeCreated SystemTime="2026-04-02 15:38:10.562077+00:00"></TimeCreated>
<EventRecordID>70671</EventRecordID>
<Correlation ActivityID="{357bbfc6-c2b5-0001-a086-7d35b5c2dc01}" RelatedActivityID=""></Correlation>
<Execution ProcessID="8212" ThreadID="7476"></Execution>
<Channel>Microsoft-Windows-PowerShell/Operational</Channel>
<Computer>DESKTOP-H3KMT1M</Computer>
<Security UserID="S-1-5-21-4005867129-758303680-3052277857-1001"></Security>
</System>
<EventData><Data Name="MessageNumber">1</Data>
<Data Name="MessageTotal">1</Data>
<Data Name="ScriptBlockText">function Wait_For_Enchantment {
    param($Number)
    $Block = {
        param($Num)
        $n = $Num
        $a = 1..$n | ForEach-Object { $_ * $_ }
        $a | Out-Null
    }
    &amp; $Block $Number
}</Data>
<Data Name="ScriptBlockId">a367bbb1-2a45-4b9a-a76e-db0607c67607</Data>
<Data Name="Path">C:\Users\user\Documents\Secret Recipe\Apply_Curse.ps1</Data>
</EventData>
</Event>

<Event xmlns="http://schemas.microsoft.com/win/2004/08/events/event"><System><Provider Name="Microsoft-Windows-PowerShell" Guid="{a0c1853b-5c40-4b15-8766-3cf1c58f985a}"></Provider>
<EventID Qualifiers="">4104</EventID>
<Version>1</Version>
<Level>5</Level>
<Task>2</Task>
<Opcode>15</Opcode>
<Keywords>0x0000000000000000</Keywords>
<TimeCreated SystemTime="2026-04-02 15:38:10.569357+00:00"></TimeCreated>
<EventRecordID>70673</EventRecordID>
<Correlation ActivityID="{357bbfc6-c2b5-0000-385a-7d35b5c2dc01}" RelatedActivityID=""></Correlation>
<Execution ProcessID="8212" ThreadID="7476"></Execution>
<Channel>Microsoft-Windows-PowerShell/Operational</Channel>
<Computer>DESKTOP-H3KMT1M</Computer>
<Security UserID="S-1-5-21-4005867129-758303680-3052277857-1001"></Security>
</System>
<EventData><Data Name="MessageNumber">1</Data>
<Data Name="MessageTotal">1</Data>
<Data Name="ScriptBlockText">{
        param($Num)
        $n = $Num
        $a = 1..$n | ForEach-Object { $_ * $_ }
        $a | Out-Null
    }</Data>
<Data Name="ScriptBlockId">0db9b5cc-43bb-4fc2-a8f0-4182f4c0441f</Data>
<Data Name="Path">C:\Users\user\Documents\Secret Recipe\Apply_Curse.ps1</Data>
</EventData>
</Event>

<Event xmlns="http://schemas.microsoft.com/win/2004/08/events/event"><System><Provider Name="Microsoft-Windows-PowerShell" Guid="{a0c1853b-5c40-4b15-8766-3cf1c58f985a}"></Provider>
<EventID Qualifiers="">4104</EventID>
<Version>1</Version>
<Level>5</Level>
<Task>2</Task>
<Opcode>15</Opcode>
<Keywords>0x0000000000000000</Keywords>
<TimeCreated SystemTime="2026-04-02 15:38:10.576982+00:00"></TimeCreated>
<EventRecordID>70675</EventRecordID>
<Correlation ActivityID="{357bbfc6-c2b5-0000-395a-7d35b5c2dc01}" RelatedActivityID=""></Correlation>
<Execution ProcessID="8212" ThreadID="7476"></Execution>
<Channel>Microsoft-Windows-PowerShell/Operational</Channel>
<Computer>DESKTOP-H3KMT1M</Computer>
<Security UserID="S-1-5-21-4005867129-758303680-3052277857-1001"></Security>
</System>
<EventData><Data Name="MessageNumber">1</Data>
<Data Name="MessageTotal">1</Data>
<Data Name="ScriptBlockText">{ $_ * $_ }</Data>
<Data Name="ScriptBlockId">c32e7592-2d75-42de-806c-cc0e9bb2ab31</Data>
<Data Name="Path">C:\Users\user\Documents\Secret Recipe\Apply_Curse.ps1</Data>
</EventData>
</Event>

<Event xmlns="http://schemas.microsoft.com/win/2004/08/events/event"><System><Provider Name="Microsoft-Windows-PowerShell" Guid="{a0c1853b-5c40-4b15-8766-3cf1c58f985a}"></Provider>
<EventID Qualifiers="">4103</EventID>
<Version>1</Version>
<Level>4</Level>
<Task>106</Task>
<Opcode>20</Opcode>
<Keywords>0x0000000000000000</Keywords>
<TimeCreated SystemTime="2026-04-02 15:39:00.741041+00:00"></TimeCreated>
<EventRecordID>71022</EventRecordID>
<Correlation ActivityID="{357bbfc6-c2b5-0000-005c-7d35b5c2dc01}" RelatedActivityID=""></Correlation>
<Execution ProcessID="8212" ThreadID="7476"></Execution>
<Channel>Microsoft-Windows-PowerShell/Operational</Channel>
<Computer>DESKTOP-H3KMT1M</Computer>
<Security UserID="S-1-5-21-4005867129-758303680-3052277857-1001"></Security>
</System>
<EventData><Data Name="ContextInfo">        Severity = Informational
        Host Name = ConsoleHost
        Host Version = 5.1.26100.6584
        Host ID = 49c1bb2b-9874-4e41-a927-6d83283dafcb
        Host Application = C:\WINDOWS\System32\WindowsPowerShell\v1.0\powershell.exe -ExecutionPolicy Bypass -File Apply_Curse.ps1
        Engine Version = 5.1.26100.6584
        Runspace ID = 2fa1a20b-c5e3-40eb-8764-d8cb9152a312
        Pipeline ID = 1
        Command Name = Gather_Timeless_Enchantment
        Command Type = Function
        Script Name = C:\Users\user\Documents\Secret Recipe\Apply_Curse.ps1
        Command Path = 
        Sequence Number = 322
        User = DESKTOP-H3KMT1M\user
        Connected User = 
        Shell ID = Microsoft.PowerShell
</Data>
<Data Name="UserData"></Data>
<Data Name="Payload">CommandInvocation(Gather_Timeless_Enchantment): "Gather_Timeless_Enchantment"
CommandInvocation(Out-Null): "Out-Null"
ParameterBinding(Out-Null): name="InputObject"; value="3/1/3626 11:47:57 AM"
</Data>
</EventData>
</Event>

<Event xmlns="http://schemas.microsoft.com/win/2004/08/events/event"><System><Provider Name="Microsoft-Windows-PowerShell" Guid="{a0c1853b-5c40-4b15-8766-3cf1c58f985a}"></Provider>
<EventID Qualifiers="">4104</EventID>
<Version>1</Version>
<Level>5</Level>
<Task>2</Task>
<Opcode>15</Opcode>
<Keywords>0x0000000000000000</Keywords>
<TimeCreated SystemTime="2026-04-02 15:39:10.777485+00:00"></TimeCreated>
<EventRecordID>71130</EventRecordID>
<Correlation ActivityID="{357bbfc6-c2b5-0000-535c-7d35b5c2dc01}" RelatedActivityID=""></Correlation>
<Execution ProcessID="8212" ThreadID="7476"></Execution>
<Channel>Microsoft-Windows-PowerShell/Operational</Channel>
<Computer>DESKTOP-H3KMT1M</Computer>
<Security UserID="S-1-5-21-4005867129-758303680-3052277857-1001"></Security>
</System>
<EventData><Data Name="MessageNumber">1</Data>
<Data Name="MessageTotal">1</Data>
<Data Name="ScriptBlockText">function Formulate {
    $i = [Text.Encoding]::UTF8.GetString([Convert]::FromBase64String("Q3Vyc2VfTWFnaWMucHNtMQ=="))
    Import-Module -Name .\$i
    $a = "bWFnaWNfcG90"
    $b = "aW9uLnR4dA=="
    $c = "aW9uLmVuYw=="
    $d = "QTRlX1kwdV9zVXIzXzF0M19jMHJyM2N0"
    $e = [System.IO.File]::ReadAllBytes([Text.Encoding]::UTF8.GetString([Convert]::FromBase64String($a + $b)))
    $f  = [System.Text.Encoding]::UTF8.GetBytes([Text.Encoding]::UTF8.GetString([Convert]::FromBase64String($d)))
    $g = Seal -a $e -b $f
    [System.IO.File]::WriteAllBytes([Text.Encoding]::UTF8.GetString([Convert]::FromBase64String($a + $c)), $g)
}</Data>
<Data Name="ScriptBlockId">2a91e7ae-b37a-4997-bc1d-46af1e35ac7d</Data>
<Data Name="Path">C:\Users\user\Documents\Secret Recipe\Apply_Curse.ps1</Data>
</EventData>
</Event>

<Event xmlns="http://schemas.microsoft.com/win/2004/08/events/event"><System><Provider Name="Microsoft-Windows-PowerShell" Guid="{a0c1853b-5c40-4b15-8766-3cf1c58f985a}"></Provider>
<EventID Qualifiers="">4104</EventID>
<Version>1</Version>
<Level>5</Level>
<Task>2</Task>
<Opcode>15</Opcode>
<Keywords>0x0000000000000000</Keywords>
<TimeCreated SystemTime="2026-04-02 15:39:10.794161+00:00"></TimeCreated>
<EventRecordID>71132</EventRecordID>
<Correlation ActivityID="{357bbfc6-c2b5-0000-545c-7d35b5c2dc01}" RelatedActivityID=""></Correlation>
<Execution ProcessID="8212" ThreadID="7476"></Execution>
<Channel>Microsoft-Windows-PowerShell/Operational</Channel>
<Computer>DESKTOP-H3KMT1M</Computer>
<Security UserID="S-1-5-21-4005867129-758303680-3052277857-1001"></Security>
</System>
<EventData><Data Name="MessageNumber">1</Data>
<Data Name="MessageTotal">1</Data>
<Data Name="ScriptBlockText">function Seal {
    param (
        [Parameter(Mandatory=$true)]
        [byte[]]$a,

        [Parameter(Mandatory=$true)]
        [byte[]]$b
    )

    $S = 0..255
    $j = 0
    $b = [System.Text.Encoding]::UTF8.GetBytes($env:COMPUTERNAME)
    for ($i = 0; $i -lt 256; $i++) {
        $j = ($j + $S[$i] + $b[$i % $b.Length]) % 256

        $temp = $S[$i]
        $S[$i] = $S[$j]
        $S[$j] = $temp
    }

    $i = 0
    $j = 0
    $result = New-Object byte[] $a.Length

    for ($n = 0; $n -lt $a.Length; $n++) {
        $i = ($i + 1) % 256
        $j = ($j + $S[$i]) % 256

        $temp = $S[$i]
        $S[$i] = $S[$j]
        $S[$j] = $temp

        $K = $S[($S[$i] + $S[$j]) % 256]
        $result[$n] = $a[$n] -bxor $K
    }

    return $result
}

Export-ModuleMember -Function Seal</Data>
<Data Name="ScriptBlockId">804b85ce-3e7a-4143-9387-ed6bd54ee110</Data>
<Data Name="Path">C:\Users\user\Documents\Secret Recipe\Curse_Magic.psm1</Data>
</EventData>
</Event>

<Event xmlns="http://schemas.microsoft.com/win/2004/08/events/event"><System><Provider Name="Microsoft-Windows-PowerShell" Guid="{a0c1853b-5c40-4b15-8766-3cf1c58f985a}"></Provider>
<EventID Qualifiers="">4104</EventID>
<Version>1</Version>
<Level>5</Level>
<Task>2</Task>
<Opcode>15</Opcode>
<Keywords>0x0000000000000000</Keywords>
<TimeCreated SystemTime="2026-04-02 15:40:16.057417+00:00"></TimeCreated>
<EventRecordID>71944</EventRecordID>
<Correlation ActivityID="{357bbfc6-c2b5-0001-7a8b-7d35b5c2dc01}" RelatedActivityID=""></Correlation>
<Execution ProcessID="8212" ThreadID="7476"></Execution>
<Channel>Microsoft-Windows-PowerShell/Operational</Channel>
<Computer>DESKTOP-H3KMT1M</Computer>
<Security UserID="S-1-5-21-4005867129-758303680-3052277857-1001"></Security>
</System>
<EventData><Data Name="MessageNumber">1</Data>
<Data Name="MessageTotal">1</Data>
<Data Name="ScriptBlockText">$global:?</Data>
<Data Name="ScriptBlockId">b6125ff3-77a0-4748-9951-a72cd0da3ba6</Data>
<Data Name="Path"></Data>
</EventData>
</Event>

<Event xmlns="http://schemas.microsoft.com/win/2004/08/events/event"><System><Provider Name="Microsoft-Windows-PowerShell" Guid="{a0c1853b-5c40-4b15-8766-3cf1c58f985a}"></Provider>
<EventID Qualifiers="">4104</EventID>
<Version>1</Version>
<Level>5</Level>
<Task>2</Task>
<Opcode>15</Opcode>
<Keywords>0x0000000000000000</Keywords>
<TimeCreated SystemTime="2026-04-02 15:40:16.178053+00:00"></TimeCreated>
<EventRecordID>71951</EventRecordID>
<Correlation ActivityID="{357bbfc6-c2b5-0001-828b-7d35b5c2dc01}" RelatedActivityID=""></Correlation>
<Execution ProcessID="3932" ThreadID="7860"></Execution>
<Channel>Microsoft-Windows-PowerShell/Operational</Channel>
<Computer>DESKTOP-H3KMT1M</Computer>
<Security UserID="S-1-5-21-4005867129-758303680-3052277857-1001"></Security>
</System>
<EventData><Data Name="MessageNumber">1</Data>
<Data Name="MessageTotal">1</Data>
<Data Name="ScriptBlockText">prompt</Data>
<Data Name="ScriptBlockId">36446f86-5af1-4a58-b8fd-eb086612ba52</Data>
<Data Name="Path"></Data>
</EventData>
</Event>

